  gameManager.cpp
c:\program files (x86)\microsoft directx sdk (june 2010)\include\xnamath.h(2662): warning C4838: conversion from 'unsigned int' to 'INT' requires a narrowing conversion
c:\program files (x86)\microsoft directx sdk (june 2010)\include\xnamath.h(2663): warning C4838: conversion from 'unsigned int' to 'INT' requires a narrowing conversion
c:\program files (x86)\microsoft directx sdk (june 2010)\include\xnamath.h(2664): warning C4838: conversion from 'unsigned int' to 'INT' requires a narrowing conversion
c:\program files (x86)\microsoft directx sdk (june 2010)\include\xnamath.h(2665): warning C4838: conversion from 'unsigned int' to 'INT' requires a narrowing conversion
c:\program files (x86)\microsoft directx sdk (june 2010)\include\xnamath.h(2666): warning C4838: conversion from 'unsigned int' to 'INT' requires a narrowing conversion
c:\program files (x86)\microsoft directx sdk (june 2010)\include\xnamath.h(2667): warning C4838: conversion from 'unsigned int' to 'INT' requires a narrowing conversion
c:\program files (x86)\microsoft directx sdk (june 2010)\include\xnamath.h(2668): warning C4838: conversion from 'unsigned int' to 'INT' requires a narrowing conversion
c:\program files (x86)\microsoft directx sdk (june 2010)\include\xnamath.h(2689): warning C4838: conversion from 'unsigned int' to 'INT' requires a narrowing conversion
c:\program files (x86)\microsoft directx sdk (june 2010)\include\xnamath.h(2690): warning C4838: conversion from 'unsigned int' to 'INT' requires a narrowing conversion
c:\program files (x86)\microsoft directx sdk (june 2010)\include\xnamath.h(2691): warning C4838: conversion from 'unsigned int' to 'INT' requires a narrowing conversion
c:\program files (x86)\microsoft directx sdk (june 2010)\include\xnamath.h(2694): warning C4838: conversion from 'unsigned int' to 'INT' requires a narrowing conversion
c:\program files (x86)\microsoft directx sdk (june 2010)\include\xnamath.h(2695): warning C4838: conversion from 'unsigned int' to 'INT' requires a narrowing conversion
c:\program files (x86)\microsoft directx sdk (june 2010)\include\xnamath.h(2698): warning C4838: conversion from 'unsigned int' to 'INT' requires a narrowing conversion
c:\program files (x86)\microsoft directx sdk (june 2010)\include\xnamath.h(2702): warning C4838: conversion from 'unsigned int' to 'INT' requires a narrowing conversion
c:\program files (x86)\microsoft directx sdk (june 2010)\include\xnamath.h(2712): warning C4838: conversion from 'unsigned int' to 'INT' requires a narrowing conversion
c:\program files (x86)\microsoft directx sdk (june 2010)\include\xnamath.h(2713): warning C4838: conversion from 'unsigned int' to 'INT' requires a narrowing conversion
c:\program files (x86)\microsoft directx sdk (june 2010)\include\xnamath.h(2715): warning C4838: conversion from 'unsigned int' to 'INT' requires a narrowing conversion
c:\program files (x86)\microsoft directx sdk (june 2010)\include\xnamath.h(2716): warning C4838: conversion from 'unsigned int' to 'INT' requires a narrowing conversion
c:\program files (x86)\microsoft directx sdk (june 2010)\include\xnamath.h(2717): warning C4838: conversion from 'unsigned int' to 'INT' requires a narrowing conversion
c:\program files (x86)\microsoft directx sdk (june 2010)\include\xnamath.h(2727): warning C4838: conversion from 'unsigned int' to 'INT' requires a narrowing conversion
c:\program files (x86)\microsoft directx sdk (june 2010)\include\xnamath.h(2728): warning C4838: conversion from 'unsigned int' to 'INT' requires a narrowing conversion
c:\program files (x86)\microsoft directx sdk (june 2010)\include\xnamath.h(2729): warning C4838: conversion from 'unsigned int' to 'INT' requires a narrowing conversion
c:\program files (x86)\microsoft directx sdk (june 2010)\include\xnamath.h(2730): warning C4838: conversion from 'unsigned int' to 'INT' requires a narrowing conversion
c:\program files (x86)\microsoft directx sdk (june 2010)\include\xnamath.h(2731): warning C4838: conversion from 'unsigned int' to 'INT' requires a narrowing conversion
c:\program files (x86)\microsoft directx sdk (june 2010)\include\xnamath.h(2732): warning C4838: conversion from 'unsigned int' to 'INT' requires a narrowing conversion
c:\program files (x86)\microsoft directx sdk (june 2010)\include\xnamath.h(2742): warning C4838: conversion from 'unsigned int' to 'INT' requires a narrowing conversion
c:\program files (x86)\microsoft directx sdk (june 2010)\include\xnamath.h(2743): warning C4838: conversion from 'unsigned int' to 'INT' requires a narrowing conversion
c:\program files (x86)\microsoft directx sdk (june 2010)\include\xnamath.h(2754): warning C4838: conversion from 'unsigned int' to 'INT' requires a narrowing conversion
u:\documents\github\agp-assignment\david mincer agp assignment 2\gamemanager.cpp(33): error C2065: 'g_hWnd': undeclared identifier
u:\documents\github\agp-assignment\david mincer agp assignment 2\gamemanager.cpp(68): error C2065: 'g_hWnd': undeclared identifier
u:\documents\github\agp-assignment\david mincer agp assignment 2\gamemanager.cpp(394): warning C4305: 'argument': truncation from 'double' to 'FLOAT'
u:\documents\github\agp-assignment\david mincer agp assignment 2\gamemanager.cpp(446): warning C4244: 'argument': conversion from 'int' to 'FLOAT', possible loss of data
u:\documents\github\agp-assignment\david mincer agp assignment 2\gamemanager.cpp(472): warning C4305: '+=': truncation from 'double' to 'float'
  main.cpp
c:\program files (x86)\microsoft directx sdk (june 2010)\include\xnamath.h(2662): warning C4838: conversion from 'unsigned int' to 'INT' requires a narrowing conversion
c:\program files (x86)\microsoft directx sdk (june 2010)\include\xnamath.h(2663): warning C4838: conversion from 'unsigned int' to 'INT' requires a narrowing conversion
c:\program files (x86)\microsoft directx sdk (june 2010)\include\xnamath.h(2664): warning C4838: conversion from 'unsigned int' to 'INT' requires a narrowing conversion
c:\program files (x86)\microsoft directx sdk (june 2010)\include\xnamath.h(2665): warning C4838: conversion from 'unsigned int' to 'INT' requires a narrowing conversion
c:\program files (x86)\microsoft directx sdk (june 2010)\include\xnamath.h(2666): warning C4838: conversion from 'unsigned int' to 'INT' requires a narrowing conversion
c:\program files (x86)\microsoft directx sdk (june 2010)\include\xnamath.h(2667): warning C4838: conversion from 'unsigned int' to 'INT' requires a narrowing conversion
c:\program files (x86)\microsoft directx sdk (june 2010)\include\xnamath.h(2668): warning C4838: conversion from 'unsigned int' to 'INT' requires a narrowing conversion
c:\program files (x86)\microsoft directx sdk (june 2010)\include\xnamath.h(2689): warning C4838: conversion from 'unsigned int' to 'INT' requires a narrowing conversion
c:\program files (x86)\microsoft directx sdk (june 2010)\include\xnamath.h(2690): warning C4838: conversion from 'unsigned int' to 'INT' requires a narrowing conversion
c:\program files (x86)\microsoft directx sdk (june 2010)\include\xnamath.h(2691): warning C4838: conversion from 'unsigned int' to 'INT' requires a narrowing conversion
c:\program files (x86)\microsoft directx sdk (june 2010)\include\xnamath.h(2694): warning C4838: conversion from 'unsigned int' to 'INT' requires a narrowing conversion
c:\program files (x86)\microsoft directx sdk (june 2010)\include\xnamath.h(2695): warning C4838: conversion from 'unsigned int' to 'INT' requires a narrowing conversion
c:\program files (x86)\microsoft directx sdk (june 2010)\include\xnamath.h(2698): warning C4838: conversion from 'unsigned int' to 'INT' requires a narrowing conversion
c:\program files (x86)\microsoft directx sdk (june 2010)\include\xnamath.h(2702): warning C4838: conversion from 'unsigned int' to 'INT' requires a narrowing conversion
c:\program files (x86)\microsoft directx sdk (june 2010)\include\xnamath.h(2712): warning C4838: conversion from 'unsigned int' to 'INT' requires a narrowing conversion
c:\program files (x86)\microsoft directx sdk (june 2010)\include\xnamath.h(2713): warning C4838: conversion from 'unsigned int' to 'INT' requires a narrowing conversion
c:\program files (x86)\microsoft directx sdk (june 2010)\include\xnamath.h(2715): warning C4838: conversion from 'unsigned int' to 'INT' requires a narrowing conversion
c:\program files (x86)\microsoft directx sdk (june 2010)\include\xnamath.h(2716): warning C4838: conversion from 'unsigned int' to 'INT' requires a narrowing conversion
c:\program files (x86)\microsoft directx sdk (june 2010)\include\xnamath.h(2717): warning C4838: conversion from 'unsigned int' to 'INT' requires a narrowing conversion
c:\program files (x86)\microsoft directx sdk (june 2010)\include\xnamath.h(2727): warning C4838: conversion from 'unsigned int' to 'INT' requires a narrowing conversion
c:\program files (x86)\microsoft directx sdk (june 2010)\include\xnamath.h(2728): warning C4838: conversion from 'unsigned int' to 'INT' requires a narrowing conversion
c:\program files (x86)\microsoft directx sdk (june 2010)\include\xnamath.h(2729): warning C4838: conversion from 'unsigned int' to 'INT' requires a narrowing conversion
c:\program files (x86)\microsoft directx sdk (june 2010)\include\xnamath.h(2730): warning C4838: conversion from 'unsigned int' to 'INT' requires a narrowing conversion
c:\program files (x86)\microsoft directx sdk (june 2010)\include\xnamath.h(2731): warning C4838: conversion from 'unsigned int' to 'INT' requires a narrowing conversion
c:\program files (x86)\microsoft directx sdk (june 2010)\include\xnamath.h(2732): warning C4838: conversion from 'unsigned int' to 'INT' requires a narrowing conversion
c:\program files (x86)\microsoft directx sdk (june 2010)\include\xnamath.h(2742): warning C4838: conversion from 'unsigned int' to 'INT' requires a narrowing conversion
c:\program files (x86)\microsoft directx sdk (june 2010)\include\xnamath.h(2743): warning C4838: conversion from 'unsigned int' to 'INT' requires a narrowing conversion
c:\program files (x86)\microsoft directx sdk (june 2010)\include\xnamath.h(2754): warning C4838: conversion from 'unsigned int' to 'INT' requires a narrowing conversion
u:\documents\github\agp-assignment\david mincer agp assignment 2\main.cpp(20): error C3861: 'InitialiseWindow': identifier not found
u:\documents\github\agp-assignment\david mincer agp assignment 2\main.cpp(164): warning C4838: conversion from 'float' to 'LONG' requires a narrowing conversion
u:\documents\github\agp-assignment\david mincer agp assignment 2\main.cpp(162): warning C4244: 'initializing': conversion from 'float' to 'LONG', possible loss of data
u:\documents\github\agp-assignment\david mincer agp assignment 2\main.cpp(163): warning C4244: 'initializing': conversion from 'float' to 'LONG', possible loss of data
  Generating Code...
